0Xdog
0nboard
0x2046
0x3e49
0x4ever.eth
0x505a
0x8477
0x8D07
0x9C65
0x9f9f
0xA926
0xC18E
0xCb4B
0xEvan
0xLin
0xNoMad
0xProductGal
0xShangdidi
0xSplits
0xTaoist
0xTodd
0xVincent
0x_LongForShort
0xben
0xc952
1Universe
AK-No
Aave News
Aean
AirDrop Master
Alejandro Cano
Alex Otsu
Alex Zhong
Alexandra Sukin
Ali Galan
Alice Peng
Alifya Valiji
AllCoreDevs Updates
Almond
Altin - The Working Guitarist
AlΞx Tsu
Amanda Frances
Andrew DeBell
Andrew Hong
Anett
Arbestor Dinggleback
AsherFishman.eth
Augusto Chirico
BBNews
BTC-Gravity
BTCdayu
BanklessDAO
Beatone
Beeradley
Bhavesh Rawat
Bitcoin fix this
BlocChainTeahouse
Blockchangehk
Boardroom
Boba Epicure
Bradley Tusk
Brandon Ferdig
Brett
Brock
CAOYIN
CHENHUI
CNMA
CRYang
CRYang
Cabin
Cavin
ChainCatcher 链捕手
Chainlink 预言机
Chapter One
ChessMaster2077
Chibin
Chris Hamm
Christian
CityDAO
Cj_Blockchain
Clemlaflemme
Coinvise
ColorEye
Connifer
Coopahtroopa
Crypto Alpha
Crypto Commons DAO
Crypto Coven
CryptoDesigner
CryptoStats
Crypto_Bibi
Cryptogram Venture FOF
Cryptouf
Culture Clap
Curare by JO7
Cyberviking
DAO Community
DAO Masters
DAOhaus
DAppChaser
DCSaxton
DFarm
DMNSN
DOOMSDAYX
DaPangDunBTC
Daeshawn.eth
Daniel Schlabach
DarkCrypto
Data Always
David Cai
David Tomu
Dayima
DeFieye
Decoin Research Institute
DeepDAO
Denis Nazarov
Dhaiwat Pandya
Didar Korkembay
Dillon
Dopr
Dot
DropList
Dylan Olivia Hunzeker
Dyo Hu
Eco's Echo
Eduard
EigenPhi
Emperor
Erguai
EricF
Erica
EthereumCN
Evan Powell
Fab
Fat Garage
FlipFam
Footprint Analytics
Forefront
Foresight News
FourWeekMBA
Fraser Bell / The NFT Diary
Frei Bier
Friends With Benefits
GALLERY
GTON Capital
GWG_GameFi
Goke Adekunle
Grey Musings
Guwo
HOLE
Haole
Hari Velaayutham
HashHub Research
Hebao
Hypha DAO and SEEDS Economy
IOSG Ventures_CN
Impossible Research
Intel Chen
Into the Metaverse
Intrinsic Research
Introduction
JP
JPG
JT Song
Jack Wang
Jackson Oar
Jacob Wei
Jasmine Xu
Jason Zhou
Jay Jiang
Jay Mavani
Jean-Luc Shorey
Jhamar
Jiawei
John Ellison
Jonas1997
Jongho Daniel Park
Jordan Stastny
Jose Aguinaga
Josh Stark
Joshua Eustis
Julia Maltby
Justine Moore
KORNIΞNKO
KYMXÅ
Kain.eth
KaliCo
Kay
Keegan小钢
Kiran
Kumo09
Kurt Pan
K~Erica
Ladislaus
Layer3
Lazy Ant
LazzarEnne
Lee Martin
Lens Protocol
LeoSagan
Leonard
Linda Xie
Locke Protocol
Loedn
LongHash Ventures
MUSIC x
Maddie Goldberg
Madhavan Malolan
Mahesh Murthy
Manta Network
MaoDAO Research
MarrowDAO
Mary Maguire
MasterPa
Max
Meagan Loyst
Metascan.Pro
MetaverseTRML
Michaelg.eth
Mint Ventures
Mirror Club
Mirror Curator DAO
Mirror DAO
Mirror Development
Mirror launch
MissBerri.ETH
MisterPlus
Mitch Worsey
Moc
More Than a Gamer
MosesSamPaul
Musashi
Mycelia
NEON DAO
NaiveDAO
Naveen
Neron
NextDAO
Nick Confrey
Nikkor@perp.fi
Nimrod Kamer
Noncesense
Olympus Agora
Omar Mezenner
OnboardDAO
Onecdot
OpenSourced.finance
Orca Protocol
Ori Valderrama
OwwwO
Oxaciano
Pact Collective
PageDAO
Pangea
Parcel
Paymahn
Pedoispe
Penny777.eth
Peter L
Philip R Powis (The Wizard)
Pranav M Jagtap MD
PrimeDAO
PubDAO
PurposeUnknown
REINetwork fans
RJ
Rabia Fatima
Radia
Rahat Chowdhury
Rally
RayYayZzz
Rayyan
Research DAO
Reservoir Protocol
Rhian Lewis
RhizomeDAO
Ripple Ventures
Rocket_ZZ
Rodney Morris
Rulan Zheng
Ryan Solomon (Sully)
SONGCAMP
Saint Rien
Salil Naik
Sam Hysell
Samson Schirmer
Saurabh Nayak
Scott David Meyer
Scott Martinez
SeeDAO Product
Seed Club
SerenaYu
Shawn
Shawn Sun
ShillBoard.xyz
Shrey Jain
SmartDAO
Snapshot Labs
Society Journal
Spatio
Standard Crypto
Staq - short crypto articles
Station Newstand
Steph
Suave
Sunny He
SuperRare
Sushi
Syndicate
THE FRINGE
Taipei Ethereum Meetup
Tasha Kim
Teji
The Blockchain Socialist but on Mirror
The Lapidary
The Lean Block
The Manther
TheUberhuman
This Week in Music NFTs
Thomas Koutsaplis
ThreeThousandThirty
Tom
Treaqura
Trent Lee
Tribute Labs
TsaiKoga
Twoplus
UneMeta
Upshot
VAULT: Creators Unlocked
VÉRITÉ
Varras
Vincent
ViviDaBest
Vriti Saraf
W3.Hitchhiker
Wanda Oliver
WarpSound
Web3.0 Dev Camp
Weilgre
WhaleRoom.org
Will Stough
XEDRA
Xing
Xing
Y4000
Yesheng
YoursDAO
Yup
Zach Miller
Zain Immortal Khan
Zora Engineering
_0xken
a10.eth
adilharis.eth
amey
avc
axwells.eth
b_sconeboy
brunny.eth
by
camoufly
cdixon
cgunn
chaojijun
charlie
chengmo.bit
cosmohm.eth
crisgarner.eth
crypblizz
curiousjoe.eth
cwweb3
cwweb3
dagan.eth
dd0sxx
denze
doug
duloti-peopledao
durneja.eth
elenahoo
fancyAlex
flyingpotato
free zone
gem.xyz
ghiya.eth
github
haowi.eth
happmaoo
hex6c
highvibe
huohuo
iamsixsix_eth
itamarg
jackofcrypto
jakepimental.eth
jambestwick
jasperthefriendlyghost.eth
jmcook.eth
jmo
joaxap
joe.eth
jrocki.eth
juliancanderson
kirio.eth
kishandao
kroos.eth
ksintmelody
kuangren
lawl
lianjinshu
lightbird.eth
lisawocken
littleflyingpiggy
lorenhuang.eth
lwsnbaker.eth
maik2hello
mati.h
mati.h
mattdesl
metabody
mikelightz
mings.eth
mizu
msfew
nivaaz
oic.eth
owenzhang
p.mirror.xyz
paulfinneyx
pseudotheos
qiwihui
quentangle
raccooncrypto.eth
ranbuta
rbarniker
rohanda.eth
ryangtanaka.eth
ryguy
rΞgan.eth
sakina
saltwater
sartoshi
seba
shrimpwen.eth
sissi
sladuca.eth
sorosdegen
syshen
tian7
totlsota.eth
toumbot
twodam.eth
watchensee
web3sean.eth
wen brand
wong2
xiakezhang
xiangcai.eth
xuanling11
yewlne
yikiiiii.eth
yyy
zephyr
zhanglabs
zlexdl.eth
zoroo.eth
楼 DAO
秃 GaoFlynn
三一
加戈
大匡
导演
郭宇
漫谈 Coin
深潮 TechFlow
深潮 TechFlow
星火DAO
追风Lab
凡非凡
夜思晨
许明恩
上官博玉
凉粉小刀
加密菩提
搓枣师傅
比特大猪
比特引力
熊太先森
链上达人
马蹄橘子
屎币日报 ShitcoinDaily
头雁区块链
帅小伙杰克
幣圈躺著賺
创业会计佬 h 的学习笔记
多多加密日记
小鱼没事爱玩币
社会主义接班人
